[1106/150250.678:ERROR:process_memory_win.cc(73)] ReadMemory at 0x13f660000 of 64 bytes failed: Only part of a ReadProcessMemory or WriteProcessMemory request was completed. (0x12B)
[1106/150250.692:WARNING:pe_image_reader.cc(340)] could not read dos header from C:\Program Files (x86)\Google\Chrome\Application\chrome.exe
[1106/150250.693:ERROR:process_memory_win.cc(73)] ReadMemory at 0x77a50000 of 64 bytes failed: Only part of a ReadProcessMemory or WriteProcessMemory request was completed. (0x12B)
[1106/150250.694:WARNING:pe_image_reader.cc(340)] could not read dos header from C:\windows\SYSTEM32\ntdll.dll
[1106/150250.695:ERROR:process_memory_win.cc(73)] ReadMemory at 0x77830000 of 64 bytes failed: Only part of a ReadProcessMemory or WriteProcessMemory request was completed. (0x12B)
[1106/150250.696:WARNING:pe_image_reader.cc(340)] could not read dos header from C:\windows\system32\kernel32.dll
[1106/150250.698:ERROR:process_memory_win.cc(73)] ReadMemory at 0x7fefda30000 of 64 bytes failed: Only part of a ReadProcessMemory or WriteProcessMemory request was completed. (0x12B)
[1106/150250.699:WARNING:pe_image_reader.cc(340)] could not read dos header from C:\windows\system32\KERNELBASE.dll
[1106/150250.700:ERROR:process_memory_win.cc(73)] ReadMemory at 0x7fedeee0000 of 64 bytes failed: Only part of a ReadProcessMemory or WriteProcessMemory request was completed. (0x12B)
[1106/150250.701:WARNING:pe_image_reader.cc(340)] could not read dos header from C:\Program Files (x86)\Google\Chrome\Application\74.0.3729.131\chrome_elf.dll
[1106/150250.702:ERROR:process_memory_win.cc(73)] ReadMemory at 0x7fefd670000 of 64 bytes failed: Only part of a ReadProcessMemory or WriteProcessMemory request was completed. (0x12B)
[1106/150250.703:WARNING:pe_image_reader.cc(340)] could not read dos header from C:\windows\system32\VERSION.dll
[1106/150250.705:ERROR:process_memory_win.cc(73)] ReadMemory at 0x7feffc80000 of 64 bytes failed: Only part of a ReadProcessMemory or WriteProcessMemory request was completed. (0x12B)
[1106/150250.706:WARNING:pe_image_reader.cc(340)] could not read dos header from C:\windows\system32\msvcrt.dll
[1106/150250.707:ERROR:process_memory_win.cc(73)] ReadMemory at 0x7fefeef0000 of 64 bytes failed: Only part of a ReadProcessMemory or WriteProcessMemory request was completed. (0x12B)
[1106/150250.708:WARNING:pe_image_reader.cc(340)] could not read dos header from C:\windows\system32\SHELL32.dll
[1106/150250.709:ERROR:process_memory_win.cc(73)] ReadMemory at 0x7fefde80000 of 64 bytes failed: Only part of a ReadProcessMemory or WriteProcessMemory request was completed. (0x12B)
[1106/150250.710:WARNING:pe_image_reader.cc(340)] could not read dos header from C:\windows\system32\SHLWAPI.dll
[1106/150250.711:ERROR:process_memory_win.cc(73)] ReadMemory at 0x7fefdfe0000 of 64 bytes failed: Only part of a ReadProcessMemory or WriteProcessMemory request was completed. (0x12B)
[1106/150250.712:WARNING:pe_image_reader.cc(340)] could not read dos header from C:\windows\system32\GDI32.dll
[1106/150250.713:ERROR:process_memory_win.cc(73)] ReadMemory at 0x560000 of 64 bytes failed: Only part of a ReadProcessMemory or WriteProcessMemory request was completed. (0x12B)
[1106/150250.715:WARNING:pe_image_reader.cc(340)] could not read dos header from C:\windows\system32\USER32.dll
[1106/150250.716:ERROR:process_memory_win.cc(73)] ReadMemory at 0x7fefedf0000 of 64 bytes failed: Only part of a ReadProcessMemory or WriteProcessMemory request was completed. (0x12B)
[1106/150250.717:WARNING:pe_image_reader.cc(340)] could not read dos header from C:\windows\system32\LPK.dll
[1106/150250.718:ERROR:process_memory_win.cc(73)] ReadMemory at 0x7fefea90000 of 64 bytes failed: Only part of a ReadProcessMemory or WriteProcessMemory request was completed. (0x12B)
[1106/150250.720:WARNING:pe_image_reader.cc(340)] could not read dos header from C:\windows\system32\USP10.dll
[1106/150250.721:ERROR:process_memory_win.cc(73)] ReadMemory at 0x7fefdf00000 of 64 bytes failed: Only part of a ReadProcessMemory or WriteProcessMemory request was completed. (0x12B)
[1106/150250.722:WARNING:pe_image_reader.cc(340)] could not read dos header from C:\windows\system32\ADVAPI32.dll
[1106/150250.723:ERROR:process_memory_win.cc(73)] ReadMemory at 0x7fefe610000 of 64 bytes failed: Only part of a ReadProcessMemory or WriteProcessMemory request was completed. (0x12B)
[1106/150250.724:WARNING:pe_image_reader.cc(340)] could not read dos header from C:\windows\SYSTEM32\sechost.dll
[1106/150250.725:ERROR:process_memory_win.cc(73)] ReadMemory at 0x7fefe400000 of 64 bytes failed: Only part of a ReadProcessMemory or WriteProcessMemory request was completed. (0x12B)
[1106/150250.726:WARNING:pe_image_reader.cc(340)] could not read dos header from C:\windows\system32\RPCRT4.dll
[1106/150250.727:ERROR:process_memory_win.cc(73)] ReadMemory at 0x7fef9c50000 of 64 bytes failed: Only part of a ReadProcessMemory or WriteProcessMemory request was completed. (0x12B)
[1106/150250.729:WARNING:pe_image_reader.cc(340)] could not read dos header from C:\windows\system32\WINMM.dll
[1106/150250.730:ERROR:process_memory_win.cc(73)] ReadMemory at 0x7fefc4e0000 of 64 bytes failed: Only part of a ReadProcessMemory or WriteProcessMemory request was completed. (0x12B)
[1106/150250.731:WARNING:pe_image_reader.cc(340)] could not read dos header from C:\windows\system32\USERENV.dll
[1106/150250.732:ERROR:process_memory_win.cc(73)] ReadMemory at 0x7fefd940000 of 64 bytes failed: Only part of a ReadProcessMemory or WriteProcessMemory request was completed. (0x12B)
[1106/150250.733:WARNING:pe_image_reader.cc(340)] could not read dos header from C:\windows\system32\profapi.dll
[1106/150250.734:ERROR:process_memory_win.cc(73)] ReadMemory at 0x7fef9f70000 of 64 bytes failed: Only part of a ReadProcessMemory or WriteProcessMemory request was completed. (0x12B)
[1106/150250.735:WARNING:pe_image_reader.cc(340)] could not read dos header from C:\windows\system32\api-ms-win-core-synch-l1-2-0.DLL
[1106/150250.737:ERROR:process_memory_win.cc(73)] ReadMemory at 0x7fefe1f0000 of 64 bytes failed: Only part of a ReadProcessMemory or WriteProcessMemory request was completed. (0x12B)
[1106/150250.738:WARNING:pe_image_reader.cc(340)] could not read dos header from C:\windows\system32\IMM32.DLL
[1106/150250.739:ERROR:process_memory_win.cc(73)] ReadMemory at 0x7fefec00000 of 64 bytes failed: Only part of a ReadProcessMemory or WriteProcessMemory request was completed. (0x12B)
[1106/150250.740:WARNING:pe_image_reader.cc(340)] could not read dos header from C:\windows\system32\MSCTF.dll
[1106/150250.741:ERROR:process_memory_win.cc(73)] ReadMemory at 0x7fefd8e0000 of 64 bytes failed: Only part of a ReadProcessMemory or WriteProcessMemory request was completed. (0x12B)
[1106/150250.742:WARNING:pe_image_reader.cc(340)] could not read dos header from c:\progra~1\citrix\system32\mfaphook64.dll
[1106/150250.743:ERROR:process_memory_win.cc(73)] ReadMemory at 0x7fefd800000 of 64 bytes failed: Only part of a ReadProcessMemory or WriteProcessMemory request was completed. (0x12B)
[1106/150250.745:WARNING:pe_image_reader.cc(340)] could not read dos header from C:\Program Files\Citrix\ICAService\picaFullScreenHookX64.dll
[1106/150250.747:ERROR:process_memory_win.cc(73)] ReadMemory at 0x7fefd7c0000 of 64 bytes failed: Only part of a ReadProcessMemory or WriteProcessMemory request was completed. (0x12B)
[1106/150250.748:WARNING:pe_image_reader.cc(340)] could not read dos header from C:\Program Files\Citrix\ICAService\ShellHook64.dll
[1106/150250.749:ERROR:process_memory_win.cc(73)] ReadMemory at 0x7fefe890000 of 64 bytes failed: Only part of a ReadProcessMemory or WriteProcessMemory request was completed. (0x12B)
[1106/150250.750:WARNING:pe_image_reader.cc(340)] could not read dos header from C:\windows\system32\ole32.dll
[1106/150250.751:ERROR:process_memory_win.cc(73)] ReadMemory at 0x7fefd1b0000 of 64 bytes failed: Only part of a ReadProcessMemory or WriteProcessMemory request was completed. (0x12B)
[1106/150250.752:WARNING:pe_image_reader.cc(340)] could not read dos header from C:\Program Files\Citrix\ICAService\SCardHook64.dll
[1106/150250.754:ERROR:process_memory_win.cc(73)] ReadMemory at 0x7fefd180000 of 64 bytes failed: Only part of a ReadProcessMemory or WriteProcessMemory request was completed. (0x12B)
[1106/150250.755:WARNING:pe_image_reader.cc(340)] could not read dos header from C:\Program Files\Citrix\ICAService\cxinjime64.dll
[1106/150250.756:ERROR:process_memory_win.cc(73)] ReadMemory at 0x7fefd0d0000 of 64 bytes failed: Only part of a ReadProcessMemory or WriteProcessMemory request was completed. (0x12B)
[1106/150250.757:WARNING:pe_image_reader.cc(340)] could not read dos header from C:\Program Files\Citrix\ICAService\PicaWtsHook64.dll
[1106/150250.759:ERROR:process_memory_win.cc(73)] ReadMemory at 0x7fed4260000 of 64 bytes failed: Only part of a ReadProcessMemory or WriteProcessMemory request was completed. (0x12B)
[1106/150250.760:WARNING:pe_image_reader.cc(340)] could not read dos header from C:\Program Files (x86)\Google\Chrome\Application\74.0.3729.131\chrome_child.dll
[1106/150250.761:ERROR:process_memory_win.cc(73)] ReadMemory at 0x7fefee00000 of 64 bytes failed: Only part of a ReadProcessMemory or WriteProcessMemory request was completed. (0x12B)
[1106/150250.763:WARNING:pe_image_reader.cc(340)] could not read dos header from C:\windows\system32\WS2_32.dll
[1106/150250.764:ERROR:process_memory_win.cc(73)] ReadMemory at 0x7fefe050000 of 64 bytes failed: Only part of a ReadProcessMemory or WriteProcessMemory request was completed. (0x12B)
[1106/150250.765:WARNING:pe_image_reader.cc(340)] could not read dos header from C:\windows\system32\NSI.dll
[1106/150250.766:ERROR:process_memory_win.cc(73)] ReadMemory at 0x7fefb390000 of 64 bytes failed: Only part of a ReadProcessMemory or WriteProcessMemory request was completed. (0x12B)
[1106/150250.768:WARNING:pe_image_reader.cc(340)] could not read dos header from C:\windows\system32\IPHLPAPI.DLL
[1106/150250.769:ERROR:process_memory_win.cc(73)] ReadMemory at 0x7fefb380000 of 64 bytes failed: Only part of a ReadProcessMemory or WriteProcessMemory request was completed. (0x12B)
[1106/150250.770:WARNING:pe_image_reader.cc(340)] could not read dos header from C:\windows\system32\WINNSI.DLL
[1106/150250.772:ERROR:process_memory_win.cc(73)] ReadMemory at 0x7fefe530000 of 64 bytes failed: Only part of a ReadProcessMemory or WriteProcessMemory request was completed. (0x12B)
[1106/150250.773:WARNING:pe_image_reader.cc(340)] could not read dos header from C:\windows\system32\OLEAUT32.dll
[1106/150250.776:ERROR:process_memory_win.cc(73)] ReadMemory at 0x7fef9ca0000 of 64 bytes failed: Only part of a ReadProcessMemory or WriteProcessMemory request was completed. (0x12B)
[1106/150250.777:WARNING:pe_image_reader.cc(340)] could not read dos header from C:\windows\system32\OLEACC.dll
[1106/150250.779:ERROR:process_memory_win.cc(73)] ReadMemory at 0x7fede900000 of 64 bytes failed: Only part of a ReadProcessMemory or WriteProcessMemory request was completed. (0x12B)
[1106/150250.780:WARNING:pe_image_reader.cc(340)] could not read dos header from C:\windows\system32\UIAutomationCore.DLL
[1106/150250.781:ERROR:process_memory_win.cc(73)] ReadMemory at 0x77c00000 of 64 bytes failed: Only part of a ReadProcessMemory or WriteProcessMemory request was completed. (0x12B)
[1106/150250.783:WARNING:pe_image_reader.cc(340)] could not read dos header from C:\windows\system32\PSAPI.DLL
[1106/150250.784:ERROR:process_memory_win.cc(73)] ReadMemory at 0x7fefd330000 of 64 bytes failed: Only part of a ReadProcessMemory or WriteProcessMemory request was completed. (0x12B)
[1106/150250.785:WARNING:pe_image_reader.cc(340)] could not read dos header from C:\windows\system32\WTSAPI32.dll
[1106/150250.786:ERROR:process_memory_win.cc(73)] ReadMemory at 0x7fefdd10000 of 64 bytes failed: Only part of a ReadProcessMemory or WriteProcessMemory request was completed. (0x12B)
[1106/150250.788:WARNING:pe_image_reader.cc(340)] could not read dos header from C:\windows\system32\WINTRUST.dll
[1106/150250.789:ERROR:process_memory_win.cc(73)] ReadMemory at 0x7fefdae0000 of 64 bytes failed: Only part of a ReadProcessMemory or WriteProcessMemory request was completed. (0x12B)
[1106/150250.790:WARNING:pe_image_reader.cc(340)] could not read dos header from C:\windows\system32\CRYPT32.dll
[1106/150250.791:ERROR:process_memory_win.cc(73)] ReadMemory at 0x7fefd9e0000 of 64 bytes failed: Only part of a ReadProcessMemory or WriteProcessMemory request was completed. (0x12B)
[1106/150250.793:WARNING:pe_image_reader.cc(340)] could not read dos header from C:\windows\system32\MSASN1.dll
[1106/150250.794:ERROR:process_memory_win.cc(73)] ReadMemory at 0x7fedf870000 of 64 bytes failed: Only part of a ReadProcessMemory or WriteProcessMemory request was completed. (0x12B)
[1106/150250.796:WARNING:pe_image_reader.cc(340)] could not read dos header from C:\windows\system32\DWrite.dll
[1106/150250.797:ERROR:process_memory_win.cc(73)] ReadMemory at 0x7fedeca0000 of 64 bytes failed: Only part of a ReadProcessMemory or WriteProcessMemory request was completed. (0x12B)
[1106/150250.799:WARNING:pe_image_reader.cc(340)] could not read dos header from C:\windows\system32\dxgi.dll
[1106/150250.799:ERROR:process_memory_win.cc(73)] ReadMemory at 0x7fefb220000 of 64 bytes failed: Only part of a ReadProcessMemory or WriteProcessMemory request was completed. (0x12B)
[1106/150250.801:WARNING:pe_image_reader.cc(340)] could not read dos header from C:\windows\system32\dwmapi.dll
[1106/150250.802:ERROR:process_memory_win.cc(73)] ReadMemory at 0x7fefb400000 of 64 bytes failed: Only part of a ReadProcessMemory or WriteProcessMemory request was completed. (0x12B)
[1106/150250.803:WARNING:pe_image_reader.cc(340)] could not read dos header from C:\windows\system32\WINSPOOL.DRV
[1106/150250.804:ERROR:process_memory_win.cc(73)] ReadMemory at 0x7fef0ab0000 of 64 bytes failed: Only part of a ReadProcessMemory or WriteProcessMemory request was completed. (0x12B)
[1106/150250.806:WARNING:pe_image_reader.cc(340)] could not read dos header from C:\windows\system32\dbghelp.dll
[1106/150250.807:ERROR:process_memory_win.cc(73)] ReadMemory at 0x7fefee50000 of 64 bytes failed: Only part of a ReadProcessMemory or WriteProcessMemory request was completed. (0x12B)
[1106/150250.808:WARNING:pe_image_reader.cc(340)] could not read dos header from C:\windows\system32\COMDLG32.dll
[1106/150250.809:ERROR:process_memory_win.cc(73)] ReadMemory at 0x7fefbd90000 of 64 bytes failed: Only part of a ReadProcessMemory or WriteProcessMemory request was completed. (0x12B)
[1106/150250.810:WARNING:pe_image_reader.cc(340)] could not read dos header from C:\windows\WinSxS\amd64_microsoft.windows.common-controls_6595b64144ccf1df_6.0.7601.24483_none_e372d88f30fbb845\COMCTL32.dll
[1106/150250.812:ERROR:process_memory_win.cc(73)] ReadMemory at 0x7fef28e0000 of 64 bytes failed: Only part of a ReadProcessMemory or WriteProcessMemory request was completed. (0x12B)
[1106/150250.813:WARNING:pe_image_reader.cc(340)] could not read dos header from C:\windows\system32\WINHTTP.dll
[1106/150250.814:ERROR:process_memory_win.cc(73)] ReadMemory at 0x7fef8340000 of 64 bytes failed: Only part of a ReadProcessMemory or WriteProcessMemory request was completed. (0x12B)
[1106/150250.815:WARNING:pe_image_reader.cc(340)] could not read dos header from C:\windows\system32\webio.dll
[1106/150250.817:ERROR:process_memory_win.cc(73)] ReadMemory at 0x7fefe060000 of 64 bytes failed: Only part of a ReadProcessMemory or WriteProcessMemory request was completed. (0x12B)
[1106/150250.819:WARNING:pe_image_reader.cc(340)] could not read dos header from C:\windows\system32\urlmon.dll
[1106/150250.821:ERROR:process_memory_win.cc(73)] ReadMemory at 0x7fefdaa0000 of 64 bytes failed: Only part of a ReadProcessMemory or WriteProcessMemory request was completed. (0x12B)
[1106/150250.822:WARNING:pe_image_reader.cc(340)] could not read dos header from C:\windows\system32\XmlLite.dll
[1106/150250.823:ERROR:process_memory_win.cc(73)] ReadMemory at 0x7fefdd50000 of 64 bytes failed: Only part of a ReadProcessMemory or WriteProcessMemory request was completed. (0x12B)
[1106/150250.825:WARNING:pe_image_reader.cc(340)] could not read dos header from C:\windows\system32\WININET.dll
[1106/150250.826:ERROR:process_memory_win.cc(73)] ReadMemory at 0x7fefe630000 of 64 bytes failed: Only part of a ReadProcessMemory or WriteProcessMemory request was completed. (0x12B)
[1106/150250.828:WARNING:pe_image_reader.cc(340)] could not read dos header from C:\windows\system32\iertutil.dll
[1106/150250.829:ERROR:process_memory_win.cc(73)] ReadMemory at 0x7fefcfb0000 of 64 bytes failed: Only part of a ReadProcessMemory or WriteProcessMemory request was completed. (0x12B)
[1106/150250.831:WARNING:pe_image_reader.cc(340)] could not read dos header from C:\windows\system32\Secur32.dll
[1106/150250.832:ERROR:process_memory_win.cc(73)] ReadMemory at 0x7fefd010000 of 64 bytes failed: Only part of a ReadProcessMemory or WriteProcessMemory request was completed. (0x12B)
[1106/150250.834:WARNING:pe_image_reader.cc(340)] could not read dos header from C:\windows\system32\SSPICLI.DLL
[1106/150250.835:ERROR:process_memory_win.cc(73)] ReadMemory at 0x7fefa010000 of 64 bytes failed: Only part of a ReadProcessMemory or WriteProcessMemory request was completed. (0x12B)
[1106/150250.836:WARNING:pe_image_reader.cc(340)] could not read dos header from C:\windows\system32\dhcpcsvc.DLL
[1106/150250.837:ERROR:process_memory_win.cc(73)] ReadMemory at 0x7fefd0a0000 of 64 bytes failed: Only part of a ReadProcessMemory or WriteProcessMemory request was completed. (0x12B)
[1106/150250.839:WARNING:pe_image_reader.cc(340)] could not read dos header from C:\windows\system32\cryptbase.dll
[1106/150250.856:ERROR:process_memory_win.cc(73)] ReadMemory at 0x3cf000 of 69632 bytes failed: Only part of a ReadProcessMemory or WriteProcessMemory request was completed. (0x12B)
[1106/150250.857:ERROR:process_memory_win.cc(73)] ReadMemory at 0x30cd000 of 12288 bytes failed: Only part of a ReadProcessMemory or WriteProcessMemory request was completed. (0x12B)
[1106/150250.858:ERROR:process_memory_win.cc(73)] ReadMemory at 0x3418000 of 32768 bytes failed: Only part of a ReadProcessMemory or WriteProcessMemory request was completed. (0x12B)
[1106/150250.859:ERROR:process_memory_win.cc(73)] ReadMemory at 0x380d000 of 12288 bytes failed: Only part of a ReadProcessMemory or WriteProcessMemory request was completed. (0x12B)
[1106/150250.861:ERROR:process_memory_win.cc(73)] ReadMemory at 0x3abc000 of 16384 bytes failed: Only part of a ReadProcessMemory or WriteProcessMemory request was completed. (0x12B)
[1106/150250.862:ERROR:process_memory_win.cc(73)] ReadMemory at 0x3d4f000 of 4096 bytes failed: Only part of a ReadProcessMemory or WriteProcessMemory request was completed. (0x12B)
[1106/150250.863:ERROR:process_memory_win.cc(73)] ReadMemory at 0x3f6e000 of 8192 bytes failed: Only part of a ReadProcessMemory or WriteProcessMemory request was completed. (0x12B)
[1106/150250.864:ERROR:process_memory_win.cc(73)] ReadMemory at 0x422d000 of 12288 bytes failed: Only part of a ReadProcessMemory or WriteProcessMemory request was completed. (0x12B)
[1106/150250.865:ERROR:process_memory_win.cc(73)] ReadMemory at 0x448b000 of 20480 bytes failed: Only part of a ReadProcessMemory or WriteProcessMemory request was completed. (0x12B)
[1106/150250.867:ERROR:process_memory_win.cc(73)] ReadMemory at 0x4a38000 of 32768 bytes failed: Only part of a ReadProcessMemory or WriteProcessMemory request was completed. (0x12B)
[1106/150250.868:ERROR:process_memory_win.cc(73)] ReadMemory at 0x4cba000 of 24576 bytes failed: Only part of a ReadProcessMemory or WriteProcessMemory request was completed. (0x12B)
[1106/150250.869:ERROR:process_memory_win.cc(73)] ReadMemory at 0x53ea000 of 24576 bytes failed: Only part of a ReadProcessMemory or WriteProcessMemory request was completed. (0x12B)
[1106/150250.870:ERROR:process_memory_win.cc(73)] ReadMemory at 0x5638000 of 32768 bytes failed: Only part of a ReadProcessMemory or WriteProcessMemory request was completed. (0x12B)
[1106/150250.871:ERROR:process_memory_win.cc(73)] ReadMemory at 0x706a000 of 24576 bytes failed: Only part of a ReadProcessMemory or WriteProcessMemory request was completed. (0x12B)
[1106/150250.873:ERROR:process_memory_win.cc(73)] ReadMemory at 0x780d000 of 12288 bytes failed: Only part of a ReadProcessMemory or WriteProcessMemory request was completed. (0x12B)
[1106/150250.874:ERROR:process_memory_win.cc(73)] ReadMemory at 0x40000 of 384 bytes failed: Only part of a ReadProcessMemory or WriteProcessMemory request was completed. (0x12B)
[1106/150250.875:ERROR:process_memory_win.cc(73)] ReadMemory at 0x461320 of 13500 bytes failed: Only part of a ReadProcessMemory or WriteProcessMemory request was completed. (0x12B)
[1106/150250.877:ERROR:process_memory_win.cc(73)] ReadMemory at 0x4647f0 of 1012 bytes failed: Only part of a ReadProcessMemory or WriteProcessMemory request was completed. (0x12B)
[1106/150250.879:ERROR:process_memory_win.cc(73)] ReadMemory at 0x464df8 of 6270 bytes failed: Only part of a ReadProcessMemory or WriteProcessMemory request was completed. (0x12B)
[1106/150250.880:ERROR:process_memory_win.cc(73)] ReadMemory at 0x466678 of 118 bytes failed: Only part of a ReadProcessMemory or WriteProcessMemory request was completed. (0x12B)
[1106/150250.881:ERROR:process_memory_win.cc(73)] ReadMemory at 0x4666f0 of 1216 bytes failed: Only part of a ReadProcessMemory or WriteProcessMemory request was completed. (0x12B)
[1106/150250.882:ERROR:process_memory_win.cc(73)] ReadMemory at 0x466bb2 of 118 bytes failed: Only part of a ReadProcessMemory or WriteProcessMemory request was completed. (0x12B)
[1106/150250.883:ERROR:process_memory_win.cc(73)] ReadMemory at 0x466c2a of 100 bytes failed: Only part of a ReadProcessMemory or WriteProcessMemory request was completed. (0x12B)
[1106/150250.885:ERROR:process_memory_win.cc(73)] ReadMemory at 0x466ca0 of 58 bytes failed: Only part of a ReadProcessMemory or WriteProcessMemory request was completed. (0x12B)
[1106/150250.886:ERROR:process_memory_win.cc(73)] ReadMemory at 0x466d30 of 132 bytes failed: Only part of a ReadProcessMemory or WriteProcessMemory request was completed. (0x12B)
[1106/150250.887:ERROR:process_memory_win.cc(73)] ReadMemory at 0x466e20 of 132 bytes failed: Only part of a ReadProcessMemory or WriteProcessMemory request was completed. (0x12B)
[1106/150250.888:ERROR:process_memory_win.cc(73)] ReadMemory at 0x466f38 of 126 bytes failed: Only part of a ReadProcessMemory or WriteProcessMemory request was completed. (0x12B)
[1106/150250.890:ERROR:process_memory_win.cc(73)] ReadMemory at 0x467220 of 64 bytes failed: Only part of a ReadProcessMemory or WriteProcessMemory request was completed. (0x12B)
[1106/150250.891:ERROR:process_memory_win.cc(73)] ReadMemory at 0x467270 of 132 bytes failed: Only part of a ReadProcessMemory or WriteProcessMemory request was completed. (0x12B)
[1106/150250.892:ERROR:process_memory_win.cc(73)] ReadMemory at 0x467390 of 68 bytes failed: Only part of a ReadProcessMemory or WriteProcessMemory request was completed. (0x12B)
[1106/150250.894:ERROR:process_memory_win.cc(73)] ReadMemory at 0x4673e0 of 132 bytes failed: Only part of a ReadProcessMemory or WriteProcessMemory request was completed. (0x12B)
[1106/150250.895:ERROR:process_memory_win.cc(73)] ReadMemory at 0x468630 of 154 bytes failed: Only part of a ReadProcessMemory or WriteProcessMemory request was completed. (0x12B)
[1106/150250.896:ERROR:process_memory_win.cc(73)] ReadMemory at 0x4686e0 of 132 bytes failed: Only part of a ReadProcessMemory or WriteProcessMemory request was completed. (0x12B)
[1106/150250.897:ERROR:process_memory_win.cc(73)] ReadMemory at 0x468e60 of 60 bytes failed: Only part of a ReadProcessMemory or WriteProcessMemory request was completed. (0x12B)
[1106/150250.898:ERROR:process_memory_win.cc(73)] ReadMemory at 0x468eb0 of 132 bytes failed: Only part of a ReadProcessMemory or WriteProcessMemory request was completed. (0x12B)
[1106/150250.900:ERROR:process_memory_win.cc(73)] ReadMemory at 0x469130 of 62 bytes failed: Only part of a ReadProcessMemory or WriteProcessMemory request was completed. (0x12B)
[1106/150250.901:ERROR:process_memory_win.cc(73)] ReadMemory at 0x469180 of 132 bytes failed: Only part of a ReadProcessMemory or WriteProcessMemory request was completed. (0x12B)
[1106/150250.902:ERROR:process_memory_win.cc(73)] ReadMemory at 0x4692d0 of 62 bytes failed: Only part of a ReadProcessMemory or WriteProcessMemory request was completed. (0x12B)
[1106/150250.903:ERROR:process_memory_win.cc(73)] ReadMemory at 0x469320 of 132 bytes failed: Only part of a ReadProcessMemory or WriteProcessMemory request was completed. (0x12B)
[1106/150250.904:ERROR:process_memory_win.cc(73)] ReadMemory at 0x48b240 of 62 bytes failed: Only part of a ReadProcessMemory or WriteProcessMemory request was completed. (0x12B)
[1106/150250.905:ERROR:process_memory_win.cc(73)] ReadMemory at 0x48bea0 of 132 bytes failed: Only part of a ReadProcessMemory or WriteProcessMemory request was completed. (0x12B)
[1106/150250.906:ERROR:process_memory_win.cc(73)] ReadMemory at 0x48bf90 of 58 bytes failed: Only part of a ReadProcessMemory or WriteProcessMemory request was completed. (0x12B)
[1106/150250.908:ERROR:process_memory_win.cc(73)] ReadMemory at 0x48bfe0 of 132 bytes failed: Only part of a ReadProcessMemory or WriteProcessMemory request was completed. (0x12B)
[1106/150250.909:ERROR:process_memory_win.cc(73)] ReadMemory at 0x48c0d0 of 60 bytes failed: Only part of a ReadProcessMemory or WriteProcessMemory request was completed. (0x12B)
[1106/150250.910:ERROR:process_memory_win.cc(73)] ReadMemory at 0x48c120 of 132 bytes failed: Only part of a ReadProcessMemory or WriteProcessMemory request was completed. (0x12B)
[1106/150250.911:ERROR:process_memory_win.cc(73)] ReadMemory at 0x48c210 of 54 bytes failed: Only part of a ReadProcessMemory or WriteProcessMemory request was completed. (0x12B)
[1106/150250.912:ERROR:process_memory_win.cc(73)] ReadMemory at 0x48c250 of 132 bytes failed: Only part of a ReadProcessMemory or WriteProcessMemory request was completed. (0x12B)
[1106/150250.913:ERROR:process_memory_win.cc(73)] ReadMemory at 0x48c340 of 58 bytes failed: Only part of a ReadProcessMemory or WriteProcessMemory request was completed. (0x12B)
[1106/150250.914:ERROR:process_memory_win.cc(73)] ReadMemory at 0x48c390 of 132 bytes failed: Only part of a ReadProcessMemory or WriteProcessMemory request was completed. (0x12B)
[1106/150250.916:ERROR:process_memory_win.cc(73)] ReadMemory at 0x48c4b0 of 64 bytes failed: Only part of a ReadProcessMemory or WriteProcessMemory request was completed. (0x12B)
[1106/150250.917:ERROR:process_memory_win.cc(73)] ReadMemory at 0x48c500 of 62 bytes failed: Only part of a ReadProcessMemory or WriteProcessMemory request was completed. (0x12B)
[1106/150250.918:ERROR:process_memory_win.cc(73)] ReadMemory at 0x48c550 of 60 bytes failed: Only part of a ReadProcessMemory or WriteProcessMemory request was completed. (0x12B)
[1106/150250.919:ERROR:process_memory_win.cc(73)] ReadMemory at 0x48c5a0 of 58 bytes failed: Only part of a ReadProcessMemory or WriteProcessMemory request was completed. (0x12B)
[1106/150250.920:ERROR:process_memory_win.cc(73)] ReadMemory at 0x48c5f0 of 62 bytes failed: Only part of a ReadProcessMemory or WriteProcessMemory request was completed. (0x12B)
[1106/150250.921:ERROR:process_memory_win.cc(73)] ReadMemory at 0x48c640 of 62 bytes failed: Only part of a ReadProcessMemory or WriteProcessMemory request was completed. (0x12B)
[1106/150250.923:ERROR:process_memory_win.cc(73)] ReadMemory at 0x48c690 of 58 bytes failed: Only part of a ReadProcessMemory or WriteProcessMemory request was completed. (0x12B)
[1106/150250.924:ERROR:process_memory_win.cc(73)] ReadMemory at 0x48c6e0 of 58 bytes failed: Only part of a ReadProcessMemory or WriteProcessMemory request was completed. (0x12B)
[1106/150250.925:ERROR:process_memory_win.cc(73)] ReadMemory at 0x48ce10 of 58 bytes failed: Only part of a ReadProcessMemory or WriteProcessMemory request was completed. (0x12B)
[1106/150250.927:ERROR:process_memory_win.cc(73)] ReadMemory at 0x48d480 of 132 bytes failed: Only part of a ReadProcessMemory or WriteProcessMemory request was completed. (0x12B)
[1106/150250.928:ERROR:process_memory_win.cc(73)] ReadMemory at 0x48d570 of 132 bytes failed: Only part of a ReadProcessMemory or WriteProcessMemory request was completed. (0x12B)
[1106/150250.930:ERROR:process_memory_win.cc(73)] ReadMemory at 0x48d660 of 132 bytes failed: Only part of a ReadProcessMemory or WriteProcessMemory request was completed. (0x12B)
[1106/150250.931:ERROR:process_memory_win.cc(73)] ReadMemory at 0x48d7a0 of 132 bytes failed: Only part of a ReadProcessMemory or WriteProcessMemory request was completed. (0x12B)
[1106/150250.932:ERROR:process_memory_win.cc(73)] ReadMemory at 0x48e2f0 of 84 bytes failed: Only part of a ReadProcessMemory or WriteProcessMemory request was completed. (0x12B)
[1106/150250.933:ERROR:process_memory_win.cc(73)] ReadMemory at 0x48e3c0 of 132 bytes failed: Only part of a ReadProcessMemory or WriteProcessMemory request was completed. (0x12B)
[1106/150250.934:ERROR:process_memory_win.cc(73)] ReadMemory at 0x48e4b0 of 132 bytes failed: Only part of a ReadProcessMemory or WriteProcessMemory request was completed. (0x12B)
[1106/150250.935:ERROR:process_memory_win.cc(73)] ReadMemory at 0x48e5a0 of 132 bytes failed: Only part of a ReadProcessMemory or WriteProcessMemory request was completed. (0x12B)
[1106/150250.937:ERROR:process_memory_win.cc(73)] ReadMemory at 0x48e690 of 132 bytes failed: Only part of a ReadProcessMemory or WriteProcessMemory request was completed. (0x12B)
[1106/150250.938:ERROR:process_memory_win.cc(73)] ReadMemory at 0x48e780 of 132 bytes failed: Only part of a ReadProcessMemory or WriteProcessMemory request was completed. (0x12B)
[1106/150250.939:ERROR:process_memory_win.cc(73)] ReadMemory at 0x48e870 of 132 bytes failed: Only part of a ReadProcessMemory or WriteProcessMemory request was completed. (0x12B)
[1106/150250.940:ERROR:process_memory_win.cc(73)] ReadMemory at 0x48e960 of 132 bytes failed: Only part of a ReadProcessMemory or WriteProcessMemory request was completed. (0x12B)
[1106/150250.941:ERROR:process_memory_win.cc(73)] ReadMemory at 0x48ea50 of 132 bytes failed: Only part of a ReadProcessMemory or WriteProcessMemory request was completed. (0x12B)
[1106/150250.943:ERROR:process_memory_win.cc(73)] ReadMemory at 0x48eb40 of 132 bytes failed: Only part of a ReadProcessMemory or WriteProcessMemory request was completed. (0x12B)
[1106/150250.944:ERROR:process_memory_win.cc(73)] ReadMemory at 0x48ec30 of 132 bytes failed: Only part of a ReadProcessMemory or WriteProcessMemory request was completed. (0x12B)
[1106/150250.945:ERROR:process_memory_win.cc(73)] ReadMemory at 0x48ed20 of 132 bytes failed: Only part of a ReadProcessMemory or WriteProcessMemory request was completed. (0x12B)
[1106/150250.946:ERROR:process_memory_win.cc(73)] ReadMemory at 0x48ee10 of 132 bytes failed: Only part of a ReadProcessMemory or WriteProcessMemory request was completed. (0x12B)
[1106/150250.947:ERROR:process_memory_win.cc(73)] ReadMemory at 0x48ef00 of 132 bytes failed: Only part of a ReadProcessMemory or WriteProcessMemory request was completed. (0x12B)
[1106/150250.948:ERROR:process_memory_win.cc(73)] ReadMemory at 0x48eff0 of 132 bytes failed: Only part of a ReadProcessMemory or WriteProcessMemory request was completed. (0x12B)
[1106/150250.950:ERROR:process_memory_win.cc(73)] ReadMemory at 0x48f0e0 of 132 bytes failed: Only part of a ReadProcessMemory or WriteProcessMemory request was completed. (0x12B)
[1106/150250.951:ERROR:process_memory_win.cc(73)] ReadMemory at 0x48f1d0 of 132 bytes failed: Only part of a ReadProcessMemory or WriteProcessMemory request was completed. (0x12B)
[1106/150250.952:ERROR:process_memory_win.cc(73)] ReadMemory at 0x48f2c0 of 132 bytes failed: Only part of a ReadProcessMemory or WriteProcessMemory request was completed. (0x12B)
[1106/150250.954:ERROR:process_memory_win.cc(73)] ReadMemory at 0x48f3b0 of 132 bytes failed: Only part of a ReadProcessMemory or WriteProcessMemory request was completed. (0x12B)
[1106/150250.955:ERROR:process_memory_win.cc(73)] ReadMemory at 0x48f4a0 of 132 bytes failed: Only part of a ReadProcessMemory or WriteProcessMemory request was completed. (0x12B)
[1106/150250.956:ERROR:process_memory_win.cc(73)] ReadMemory at 0x48f590 of 132 bytes failed: Only part of a ReadProcessMemory or WriteProcessMemory request was completed. (0x12B)
[1106/150250.958:ERROR:process_memory_win.cc(73)] ReadMemory at 0x48f680 of 132 bytes failed: Only part of a ReadProcessMemory or WriteProcessMemory request was completed. (0x12B)
[1106/150250.959:ERROR:process_memory_win.cc(73)] ReadMemory at 0x48f770 of 132 bytes failed: Only part of a ReadProcessMemory or WriteProcessMemory request was completed. (0x12B)
[1106/150250.960:ERROR:process_memory_win.cc(73)] ReadMemory at 0x48f860 of 132 bytes failed: Only part of a ReadProcessMemory or WriteProcessMemory request was completed. (0x12B)
[1106/150250.961:ERROR:process_memory_win.cc(73)] ReadMemory at 0x48f950 of 132 bytes failed: Only part of a ReadProcessMemory or WriteProcessMemory request was completed. (0x12B)
[1106/150250.962:ERROR:process_memory_win.cc(73)] ReadMemory at 0x48fa40 of 132 bytes failed: Only part of a ReadProcessMemory or WriteProcessMemory request was completed. (0x12B)
[1106/150250.963:ERROR:process_memory_win.cc(73)] ReadMemory at 0x48fb30 of 132 bytes failed: Only part of a ReadProcessMemory or WriteProcessMemory request was completed. (0x12B)
[1106/150250.965:ERROR:process_memory_win.cc(73)] ReadMemory at 0x48fc20 of 132 bytes failed: Only part of a ReadProcessMemory or WriteProcessMemory request was completed. (0x12B)
[1106/150250.966:ERROR:process_memory_win.cc(73)] ReadMemory at 0x48fd10 of 132 bytes failed: Only part of a ReadProcessMemory or WriteProcessMemory request was completed. (0x12B)
[1106/150250.967:ERROR:process_memory_win.cc(73)] ReadMemory at 0x48fe00 of 132 bytes failed: Only part of a ReadProcessMemory or WriteProcessMemory request was completed. (0x12B)
[1106/150250.968:ERROR:process_memory_win.cc(73)] ReadMemory at 0x48fef0 of 132 bytes failed: Only part of a ReadProcessMemory or WriteProcessMemory request was completed. (0x12B)
[1106/150250.969:ERROR:process_memory_win.cc(73)] ReadMemory at 0x48ffe0 of 132 bytes failed: Only part of a ReadProcessMemory or WriteProcessMemory request was completed. (0x12B)
[1106/150250.970:ERROR:process_memory_win.cc(73)] ReadMemory at 0x4900d0 of 132 bytes failed: Only part of a ReadProcessMemory or WriteProcessMemory request was completed. (0x12B)
[1106/150250.971:ERROR:process_memory_win.cc(73)] ReadMemory at 0x4901c0 of 132 bytes failed: Only part of a ReadProcessMemory or WriteProcessMemory request was completed. (0x12B)
[1106/150250.973:ERROR:process_memory_win.cc(73)] ReadMemory at 0x490fd0 of 104 bytes failed: Only part of a ReadProcessMemory or WriteProcessMemory request was completed. (0x12B)
[1106/150250.974:ERROR:process_memory_win.cc(73)] ReadMemory at 0x49e0f0 of 120 bytes failed: Only part of a ReadProcessMemory or WriteProcessMemory request was completed. (0x12B)
[1106/150250.975:ERROR:process_memory_win.cc(73)] ReadMemory at 0x4a0750 of 80 bytes failed: Only part of a ReadProcessMemory or WriteProcessMemory request was completed. (0x12B)
[1106/150250.977:ERROR:process_memory_win.cc(73)] ReadMemory at 0x4a29b0 of 100 bytes failed: Only part of a ReadProcessMemory or WriteProcessMemory request was completed. (0x12B)
[1106/150250.978:ERROR:process_memory_win.cc(73)] ReadMemory at 0x4abce0 of 100 bytes failed: Only part of a ReadProcessMemory or WriteProcessMemory request was completed. (0x12B)
[1106/150250.979:ERROR:process_memory_win.cc(73)] ReadMemory at 0x4af410 of 60 bytes failed: Only part of a ReadProcessMemory or WriteProcessMemory request was completed. (0x12B)
[1106/150250.980:ERROR:process_memory_win.cc(73)] ReadMemory at 0x4af460 of 64 bytes failed: Only part of a ReadProcessMemory or WriteProcessMemory request was completed. (0x12B)
[1106/150250.981:ERROR:process_memory_win.cc(73)] ReadMemory at 0x4af4b0 of 60 bytes failed: Only part of a ReadProcessMemory or WriteProcessMemory request was completed. (0x12B)
[1106/150250.982:ERROR:process_memory_win.cc(73)] ReadMemory at 0x4af500 of 64 bytes failed: Only part of a ReadProcessMemory or WriteProcessMemory request was completed. (0x12B)
[1106/150250.983:ERROR:process_memory_win.cc(73)] ReadMemory at 0x4af550 of 60 bytes failed: Only part of a ReadProcessMemory or WriteProcessMemory request was completed. (0x12B)
[1106/150250.985:ERROR:process_memory_win.cc(73)] ReadMemory at 0x4af5a0 of 58 bytes failed: Only part of a ReadProcessMemory or WriteProcessMemory request was completed. (0x12B)
[1106/150250.986:ERROR:process_memory_win.cc(73)] ReadMemory at 0x4af5f0 of 64 bytes failed: Only part of a ReadProcessMemory or WriteProcessMemory request was completed. (0x12B)
[1106/150250.987:ERROR:process_memory_win.cc(73)] ReadMemory at 0x4af640 of 64 bytes failed: Only part of a ReadProcessMemory or WriteProcessMemory request was completed. (0x12B)
[1106/150250.988:ERROR:process_memory_win.cc(73)] ReadMemory at 0x4af690 of 62 bytes failed: Only part of a ReadProcessMemory or WriteProcessMemory request was completed. (0x12B)
[1106/150250.989:ERROR:process_memory_win.cc(73)] ReadMemory at 0x4af6e0 of 60 bytes failed: Only part of a ReadProcessMemory or WriteProcessMemory request was completed. (0x12B)
[1106/150250.990:ERROR:process_memory_win.cc(73)] ReadMemory at 0x4af730 of 60 bytes failed: Only part of a ReadProcessMemory or WriteProcessMemory request was completed. (0x12B)
[1106/150250.991:ERROR:process_memory_win.cc(73)] ReadMemory at 0x4af780 of 56 bytes failed: Only part of a ReadProcessMemory or WriteProcessMemory request was completed. (0x12B)
[1106/150250.993:ERROR:process_memory_win.cc(73)] ReadMemory at 0x4af7d0 of 60 bytes failed: Only part of a ReadProcessMemory or WriteProcessMemory request was completed. (0x12B)
[1106/150250.994:ERROR:process_memory_win.cc(73)] ReadMemory at 0x4af820 of 64 bytes failed: Only part of a ReadProcessMemory or WriteProcessMemory request was completed. (0x12B)
[1106/150250.995:ERROR:process_memory_win.cc(73)] ReadMemory at 0x4af870 of 62 bytes failed: Only part of a ReadProcessMemory or WriteProcessMemory request was completed. (0x12B)
[1106/150250.996:ERROR:process_memory_win.cc(73)] ReadMemory at 0x4af8c0 of 64 bytes failed: Only part of a ReadProcessMemory or WriteProcessMemory request was completed. (0x12B)
[1106/150250.997:ERROR:process_memory_win.cc(73)] ReadMemory at 0x4af910 of 62 bytes failed: Only part of a ReadProcessMemory or WriteProcessMemory request was completed. (0x12B)
[1106/150250.998:ERROR:process_memory_win.cc(73)] ReadMemory at 0x4af960 of 58 bytes failed: Only part of a ReadProcessMemory or WriteProcessMemory request was completed. (0x12B)
[1106/150250.999:ERROR:process_memory_win.cc(73)] ReadMemory at 0x4af9b0 of 60 bytes failed: Only part of a ReadProcessMemory or WriteProcessMemory request was completed. (0x12B)
[1106/150251.001:ERROR:process_memory_win.cc(73)] ReadMemory at 0x4afa00 of 62 bytes failed: Only part of a ReadProcessMemory or WriteProcessMemory request was completed. (0x12B)
[1106/150251.002:ERROR:process_memory_win.cc(73)] ReadMemory at 0x4afa50 of 62 bytes failed: Only part of a ReadProcessMemory or WriteProcessMemory request was completed. (0x12B)
[1106/150251.003:ERROR:process_memory_win.cc(73)] ReadMemory at 0x4afaa0 of 64 bytes failed: Only part of a ReadProcessMemory or WriteProcessMemory request was completed. (0x12B)
[1106/150251.004:ERROR:process_memory_win.cc(73)] ReadMemory at 0x4afaf0 of 62 bytes failed: Only part of a ReadProcessMemory or WriteProcessMemory request was completed. (0x12B)
[1106/150251.006:ERROR:process_memory_win.cc(73)] ReadMemory at 0x4afb40 of 62 bytes failed: Only part of a ReadProcessMemory or WriteProcessMemory request was completed. (0x12B)
[1106/150251.007:ERROR:process_memory_win.cc(73)] ReadMemory at 0x4b2e00 of 98 bytes failed: Only part of a ReadProcessMemory or WriteProcessMemory request was completed. (0x12B)
[1106/150251.008:ERROR:process_memory_win.cc(73)] ReadMemory at 0x4b4d80 of 104 bytes failed: Only part of a ReadProcessMemory or WriteProcessMemory request was completed. (0x12B)
[1106/150251.009:ERROR:process_memory_win.cc(73)] ReadMemory at 0x4c4e00 of 158 bytes failed: Only part of a ReadProcessMemory or WriteProcessMemory request was completed. (0x12B)
[1106/150251.010:ERROR:process_memory_win.cc(73)] ReadMemory at 0x4c84d0 of 54 bytes failed: Only part of a ReadProcessMemory or WriteProcessMemory request was completed. (0x12B)
[1106/150251.011:ERROR:process_memory_win.cc(73)] ReadMemory at 0x4ca9d0 of 248 bytes failed: Only part of a ReadProcessMemory or WriteProcessMemory request was completed. (0x12B)
[1106/150251.012:ERROR:process_memory_win.cc(73)] ReadMemory at 0x4ce640 of 132 bytes failed: Only part of a ReadProcessMemory or WriteProcessMemory request was completed. (0x12B)
[1106/150251.013:ERROR:process_memory_win.cc(73)] ReadMemory at 0x4ce730 of 132 bytes failed: Only part of a ReadProcessMemory or WriteProcessMemory request was completed. (0x12B)
[1106/150251.014:ERROR:process_memory_win.cc(73)] ReadMemory at 0x4ce820 of 132 bytes failed: Only part of a ReadProcessMemory or WriteProcessMemory request was completed. (0x12B)
[1106/150251.015:ERROR:process_memory_win.cc(73)] ReadMemory at 0x4ce910 of 132 bytes failed: Only part of a ReadProcessMemory or WriteProcessMemory request was completed. (0x12B)
[1106/150251.017:ERROR:process_memory_win.cc(73)] ReadMemory at 0x4cea00 of 132 bytes failed: Only part of a ReadProcessMemory or WriteProcessMemory request was completed. (0x12B)
[1106/150251.018:ERROR:process_memory_win.cc(73)] ReadMemory at 0x4ceaf0 of 132 bytes failed: Only part of a ReadProcessMemory or WriteProcessMemory request was completed. (0x12B)
[1106/150251.019:ERROR:process_memory_win.cc(73)] ReadMemory at 0x4cebe0 of 132 bytes failed: Only part of a ReadProcessMemory or WriteProcessMemory request was completed. (0x12B)
[1106/150251.020:ERROR:process_memory_win.cc(73)] ReadMemory at 0x4cecd0 of 132 bytes failed: Only part of a ReadProcessMemory or WriteProcessMemory request was completed. (0x12B)
[1106/150251.021:ERROR:process_memory_win.cc(73)] ReadMemory at 0x4cef20 of 512 bytes failed: Only part of a ReadProcessMemory or WriteProcessMemory request was completed. (0x12B)
[1106/150251.022:ERROR:process_memory_win.cc(73)] ReadMemory at 0x4d0e40 of 64 bytes failed: Only part of a ReadProcessMemory or WriteProcessMemory request was completed. (0x12B)
[1106/150251.023:ERROR:process_memory_win.cc(73)] ReadMemory at 0x4e4120 of 592 bytes failed: Only part of a ReadProcessMemory or WriteProcessMemory request was completed. (0x12B)
[1106/150251.025:ERROR:process_memory_win.cc(73)] ReadMemory at 0x1576120 of 512 bytes failed: Only part of a ReadProcessMemory or WriteProcessMemory request was completed. (0x12B)
[1106/150251.026:ERROR:process_memory_win.cc(73)] ReadMemory at 0x157e020 of 512 bytes failed: Only part of a ReadProcessMemory or WriteProcessMemory request was completed. (0x12B)
[1106/150251.027:ERROR:process_memory_win.cc(73)] ReadMemory at 0x1595800 of 512 bytes failed: Only part of a ReadProcessMemory or WriteProcessMemory request was completed. (0x12B)
[1106/150251.028:ERROR:process_memory_win.cc(73)] ReadMemory at 0x1596a00 of 696 bytes failed: Only part of a ReadProcessMemory or WriteProcessMemory request was completed. (0x12B)
[1106/150251.029:ERROR:process_memory_win.cc(73)] ReadMemory at 0x15a27e0 of 512 bytes failed: Only part of a ReadProcessMemory or WriteProcessMemory request was completed. (0x12B)
[1106/150251.030:ERROR:process_memory_win.cc(73)] ReadMemory at 0x15a6e50 of 512 bytes failed: Only part of a ReadProcessMemory or WriteProcessMemory request was completed. (0x12B)
[1106/150251.031:ERROR:process_memory_win.cc(73)] ReadMemory at 0x163ccf8 of 544 bytes failed: Only part of a ReadProcessMemory or WriteProcessMemory request was completed. (0x12B)
[1106/150251.032:ERROR:process_memory_win.cc(73)] ReadMemory at 0x176bf10 of 512 bytes failed: Only part of a ReadProcessMemory or WriteProcessMemory request was completed. (0x12B)
[1106/150251.034:ERROR:process_memory_win.cc(73)] ReadMemory at 0x4493780 of 544 bytes failed: Only part of a ReadProcessMemory or WriteProcessMemory request was completed. (0x12B)
[1106/150251.035:ERROR:process_memory_win.cc(73)] ReadMemory at 0x44a3be0 of 512 bytes failed: Only part of a ReadProcessMemory or WriteProcessMemory request was completed. (0x12B)
[1106/150251.036:ERROR:process_memory_win.cc(73)] ReadMemory at 0x456d030 of 520 bytes failed: Only part of a ReadProcessMemory or WriteProcessMemory request was completed. (0x12B)
[1106/150251.037:ERROR:process_memory_win.cc(73)] ReadMemory at 0x45d53d0 of 512 bytes failed: Only part of a ReadProcessMemory or WriteProcessMemory request was completed. (0x12B)
[1106/150251.038:ERROR:process_memory_win.cc(73)] ReadMemory at 0x5672758 of 512 bytes failed: Only part of a ReadProcessMemory or WriteProcessMemory request was completed. (0x12B)
[1106/150251.040:ERROR:process_memory_win.cc(73)] ReadMemory at 0x5673710 of 512 bytes failed: Only part of a ReadProcessMemory or WriteProcessMemory request was completed. (0x12B)
[1106/150251.041:ERROR:process_memory_win.cc(73)] ReadMemory at 0x6419640 of 512 bytes failed: Only part of a ReadProcessMemory or WriteProcessMemory request was completed. (0x12B)
[1106/150251.042:ERROR:process_memory_win.cc(73)] ReadMemory at 0x783d408 of 512 bytes failed: Only part of a ReadProcessMemory or WriteProcessMemory request was completed. (0x12B)
[1106/150251.043:ERROR:process_memory_win.cc(73)] ReadMemory at 0x8568290 of 656 bytes failed: Only part of a ReadProcessMemory or WriteProcessMemory request was completed. (0x12B)
[1106/150251.044:ERROR:process_memory_win.cc(73)] ReadMemory at 0x7793b228 of 512 bytes failed: Only part of a ReadProcessMemory or WriteProcessMemory request was completed. (0x12B)
[1106/150251.045:ERROR:process_memory_win.cc(73)] ReadMemory at 0x77a57bc8 of 18 bytes failed: Only part of a ReadProcessMemory or WriteProcessMemory request was completed. (0x12B)
[1106/150251.046:ERROR:process_memory_win.cc(73)] ReadMemory at 0x77a5a6c8 of 576 bytes failed: Only part of a ReadProcessMemory or WriteProcessMemory request was completed. (0x12B)
[1106/150251.047:ERROR:process_memory_win.cc(73)] ReadMemory at 0x77a5a928 of 672 bytes failed: Only part of a ReadProcessMemory or WriteProcessMemory request was completed. (0x12B)
[1106/150251.049:ERROR:process_memory_win.cc(73)] ReadMemory at 0x77a63160 of 512 bytes failed: Only part of a ReadProcessMemory or WriteProcessMemory request was completed. (0x12B)
[1106/150251.050:ERROR:process_memory_win.cc(73)] ReadMemory at 0x77ab984a of 592 bytes failed: Only part of a ReadProcessMemory or WriteProcessMemory request was completed. (0x12B)
[1106/150251.051:ERROR:process_memory_win.cc(73)] ReadMemory at 0x77ab9b4a of 512 bytes failed: Only part of a ReadProcessMemory or WriteProcessMemory request was completed. (0x12B)
[1106/150251.052:ERROR:process_memory_win.cc(73)] ReadMemory at 0x77ab9dba of 512 bytes failed: Only part of a ReadProcessMemory or WriteProcessMemory request was completed. (0x12B)
[1106/150251.053:ERROR:process_memory_win.cc(73)] ReadMemory at 0x77abb0fa of 528 bytes failed: Only part of a ReadProcessMemory or WriteProcessMemory request was completed. (0x12B)
[1106/150251.054:ERROR:process_memory_win.cc(73)] ReadMemory at 0x77b49360 of 512 bytes failed: Only part of a ReadProcessMemory or WriteProcessMemory request was completed. (0x12B)
[1106/150251.056:ERROR:process_memory_win.cc(73)] ReadMemory at 0x77b780d8 of 40 bytes failed: Only part of a ReadProcessMemory or WriteProcessMemory request was completed. (0x12B)
[1106/150251.057:ERROR:process_memory_win.cc(73)] ReadMemory at 0x77b82dc0 of 48 bytes failed: Only part of a ReadProcessMemory or WriteProcessMemory request was completed. (0x12B)
[1106/150251.058:ERROR:process_memory_win.cc(73)] ReadMemory at 0x77b82e40 of 64 bytes failed: Only part of a ReadProcessMemory or WriteProcessMemory request was completed. (0x12B)
[1106/150251.059:ERROR:process_memory_win.cc(73)] ReadMemory at 0x261fbe5acb8 of 512 bytes failed: Only part of a ReadProcessMemory or WriteProcessMemory request was completed. (0x12B)
[1106/150251.060:ERROR:process_memory_win.cc(73)] ReadMemory at 0x3227b40bfc8 of 512 bytes failed: Only part of a ReadProcessMemory or WriteProcessMemory request was completed. (0x12B)
[1106/150251.061:ERROR:process_memory_win.cc(73)] ReadMemory at 0x4b6e1141cb1 of 512 bytes failed: Only part of a ReadProcessMemory or WriteProcessMemory request was completed. (0x12B)
[1106/150251.062:ERROR:process_memory_win.cc(73)] ReadMemory at 0x7fed8605838 of 514 bytes failed: Only part of a ReadProcessMemory or WriteProcessMemory request was completed. (0x12B)
[1106/150251.063:ERROR:process_memory_win.cc(73)] ReadMemory at 0x7fed8f0f690 of 512 bytes failed: Only part of a ReadProcessMemory or WriteProcessMemory request was completed. (0x12B)
[1106/150251.064:ERROR:process_memory_win.cc(73)] ReadMemory at 0x7fedeef2d6c of 512 bytes failed: Only part of a ReadProcessMemory or WriteProcessMemory request was completed. (0x12B)
[1106/150251.066:ERROR:process_memory_win.cc(73)] ReadMemory at 0x7fefda3b7fd of 512 bytes failed: Only part of a ReadProcessMemory or WriteProcessMemory request was completed. (0x12B)
[1106/150251.067:ERROR:process_memory_win.cc(73)] ReadMemory at 0x7fffff9e000 of 6024 bytes failed: Only part of a ReadProcessMemory or WriteProcessMemory request was completed. (0x12B)
[1106/150251.068:ERROR:process_memory_win.cc(73)] ReadMemory at 0x7fffffa0000 of 6024 bytes failed: Only part of a ReadProcessMemory or WriteProcessMemory request was completed. (0x12B)
[1106/150251.069:ERROR:process_memory_win.cc(73)] ReadMemory at 0x7fffffa2000 of 6024 bytes failed: Only part of a ReadProcessMemory or WriteProcessMemory request was completed. (0x12B)
[1106/150251.070:ERROR:process_memory_win.cc(73)] ReadMemory at 0x7fffffa4000 of 6024 bytes failed: Only part of a ReadProcessMemory or WriteProcessMemory request was completed. (0x12B)
[1106/150251.071:ERROR:process_memory_win.cc(73)] ReadMemory at 0x7fffffa6000 of 6024 bytes failed: Only part of a ReadProcessMemory or WriteProcessMemory request was completed. (0x12B)
[1106/150251.073:ERROR:process_memory_win.cc(73)] ReadMemory at 0x7fffffa8000 of 6024 bytes failed: Only part of a ReadProcessMemory or WriteProcessMemory request was completed. (0x12B)
[1106/150251.074:ERROR:process_memory_win.cc(73)] ReadMemory at 0x7fffffaa000 of 6024 bytes failed: Only part of a ReadProcessMemory or WriteProcessMemory request was completed. (0x12B)
[1106/150251.075:ERROR:process_memory_win.cc(73)] ReadMemory at 0x7fffffac000 of 6024 bytes failed: Only part of a ReadProcessMemory or WriteProcessMemory request was completed. (0x12B)
[1106/150251.076:ERROR:process_memory_win.cc(73)] ReadMemory at 0x7fffffae000 of 6024 bytes failed: Only part of a ReadProcessMemory or WriteProcessMemory request was completed. (0x12B)
[1106/150251.077:ERROR:process_memory_win.cc(73)] ReadMemory at 0x7fffffd3000 of 6024 bytes failed: Only part of a ReadProcessMemory or WriteProcessMemory request was completed. (0x12B)
[1106/150251.079:ERROR:process_memory_win.cc(73)] ReadMemory at 0x7fffffd5000 of 6024 bytes failed: Only part of a ReadProcessMemory or WriteProcessMemory request was completed. (0x12B)
[1106/150251.080:ERROR:process_memory_win.cc(73)] ReadMemory at 0x7fffffd7000 of 6024 bytes failed: Only part of a ReadProcessMemory or WriteProcessMemory request was completed. (0x12B)
[1106/150251.081:ERROR:process_memory_win.cc(73)] ReadMemory at 0x7fffffd9000 of 6024 bytes failed: Only part of a ReadProcessMemory or WriteProcessMemory request was completed. (0x12B)
[1106/150251.082:ERROR:process_memory_win.cc(73)] ReadMemory at 0x7fffffdb000 of 852 bytes failed: Only part of a ReadProcessMemory or WriteProcessMemory request was completed. (0x12B)
[1106/150251.084:ERROR:process_memory_win.cc(73)] ReadMemory at 0x7fffffdc000 of 6024 bytes failed: Only part of a ReadProcessMemory or WriteProcessMemory request was completed. (0x12B)
[1106/150251.085:ERROR:process_memory_win.cc(73)] ReadMemory at 0x7fffffde000 of 6024 bytes failed: Only part of a ReadProcessMemory or WriteProcessMemory request was completed. (0x12B)
[1106/150251.088:ERROR:scoped_process_suspend.cc(40)] NtResumeProcess: An attempt was made to access an exiting process. (0xc000010a)
[1106/155955.543:ERROR:process_info.cc(359)] UncheckedAllocate
[1106/155955.569:ERROR:process_info.cc(359)] UncheckedAllocate
[1106/160109.709:ERROR:scoped_process_suspend.cc(31)] NtSuspendProcess: An attempt was made to access an exiting process. (0xc000010a)
[1106/160109.709:ERROR:file_io.cc(134)] WriteFile: The pipe is being closed. (0xE8)
[1106/160109.711:ERROR:process_info.cc(118)] ReadProcessMemory bool __cdecl crashpad::(anonymous namespace)::ReadStruct(HANDLE, crashpad::WinVMAddress, T *) [T = crashpad::process_types::PEB<crashpad::process_types::internal::Traits64>]: Only part of a ReadProcessMemory or WriteProcessMemory request was completed. (0x12B)
